
**** Build of configuration Debug for project vending_machine ****

"C:\\ti\\ccsv8\\utils\\bin\\gmake" -k -j 4 all -O 
 
Building file: "C:/Users/User/Dropbox/UFSC/2018.2/OO/Projeto_Final/fw/src/main.cpp"
Invoking: ARM Compiler
"C:/ti/ccsv8/tools/compiler/ti-cgt-arm_18.9.0.STS/bin/armcl" -mv7M4 --code_state=16 --float_support=FPv4SPD16 -me --include_path="C:/Users/User/Dropbox/UFSC/2018.2/OO/Projeto_Final/fw/Project_CCS/vending_machine" --include_path="C:/ti/TivaWare_C_Series-2.1.4.178" --include_path="C:/Users/User/Dropbox/UFSC/2018.2/OO/Projeto_Final/fw/src" --include_path="C:/ti/ccsv8/tools/compiler/ti-cgt-arm_18.9.0.STS/include" --define=ccs="ccs" --define=ARM_PLATFORM --define=TARGET_IS_TM4C123_RB1 --define=PART_TM4C123GH6PM -g --gcc --diag_warning=225 --diag_wrap=off --display_error_number --abi=eabi --preproc_with_compile --preproc_dependency="src/main.d_raw" --obj_directory="src"  "C:/Users/User/Dropbox/UFSC/2018.2/OO/Projeto_Final/fw/src/main.cpp"
"C:/Users/User/Dropbox/UFSC/2018.2/OO/Projeto_Final/fw/src/main.cpp", line 37: warning #112-D: statement is unreachable
Finished building: "C:/Users/User/Dropbox/UFSC/2018.2/OO/Projeto_Final/fw/src/main.cpp"
 
Building file: "C:/Users/User/Dropbox/UFSC/2018.2/OO/Projeto_Final/fw/src/IO.cpp"
Invoking: ARM Compiler
"C:/ti/ccsv8/tools/compiler/ti-cgt-arm_18.9.0.STS/bin/armcl" -mv7M4 --code_state=16 --float_support=FPv4SPD16 -me --include_path="C:/Users/User/Dropbox/UFSC/2018.2/OO/Projeto_Final/fw/Project_CCS/vending_machine" --include_path="C:/ti/TivaWare_C_Series-2.1.4.178" --include_path="C:/Users/User/Dropbox/UFSC/2018.2/OO/Projeto_Final/fw/src" --include_path="C:/ti/ccsv8/tools/compiler/ti-cgt-arm_18.9.0.STS/include" --define=ccs="ccs" --define=ARM_PLATFORM --define=TARGET_IS_TM4C123_RB1 --define=PART_TM4C123GH6PM -g --gcc --diag_warning=225 --diag_wrap=off --display_error_number --abi=eabi --preproc_with_compile --preproc_dependency="src/IO.d_raw" --obj_directory="src"  "C:/Users/User/Dropbox/UFSC/2018.2/OO/Projeto_Final/fw/src/IO.cpp"
Finished building: "C:/Users/User/Dropbox/UFSC/2018.2/OO/Projeto_Final/fw/src/IO.cpp"
 
Building file: "C:/Users/User/Dropbox/UFSC/2018.2/OO/Projeto_Final/fw/src/FSM.cpp"
Invoking: ARM Compiler
"C:/ti/ccsv8/tools/compiler/ti-cgt-arm_18.9.0.STS/bin/armcl" -mv7M4 --code_state=16 --float_support=FPv4SPD16 -me --include_path="C:/Users/User/Dropbox/UFSC/2018.2/OO/Projeto_Final/fw/Project_CCS/vending_machine" --include_path="C:/ti/TivaWare_C_Series-2.1.4.178" --include_path="C:/Users/User/Dropbox/UFSC/2018.2/OO/Projeto_Final/fw/src" --include_path="C:/ti/ccsv8/tools/compiler/ti-cgt-arm_18.9.0.STS/include" --define=ccs="ccs" --define=ARM_PLATFORM --define=TARGET_IS_TM4C123_RB1 --define=PART_TM4C123GH6PM -g --gcc --diag_warning=225 --diag_wrap=off --display_error_number --abi=eabi --preproc_with_compile --preproc_dependency="src/FSM.d_raw" --obj_directory="src"  "C:/Users/User/Dropbox/UFSC/2018.2/OO/Projeto_Final/fw/src/FSM.cpp"
Finished building: "C:/Users/User/Dropbox/UFSC/2018.2/OO/Projeto_Final/fw/src/FSM.cpp"
 
Building file: "../src/tm4c123gh6pm_startup_ccs.c"
Invoking: ARM Compiler
"C:/ti/ccsv8/tools/compiler/ti-cgt-arm_18.9.0.STS/bin/armcl" -mv7M4 --code_state=16 --float_support=FPv4SPD16 -me --include_path="C:/Users/User/Dropbox/UFSC/2018.2/OO/Projeto_Final/fw/Project_CCS/vending_machine" --include_path="C:/ti/TivaWare_C_Series-2.1.4.178" --include_path="C:/Users/User/Dropbox/UFSC/2018.2/OO/Projeto_Final/fw/src" --include_path="C:/ti/ccsv8/tools/compiler/ti-cgt-arm_18.9.0.STS/include" --define=ccs="ccs" --define=ARM_PLATFORM --define=TARGET_IS_TM4C123_RB1 --define=PART_TM4C123GH6PM -g --gcc --diag_warning=225 --diag_wrap=off --display_error_number --abi=eabi --preproc_with_compile --preproc_dependency="src/tm4c123gh6pm_startup_ccs.d_raw" --obj_directory="src"  "../src/tm4c123gh6pm_startup_ccs.c"
Finished building: "../src/tm4c123gh6pm_startup_ccs.c"
 
Building file: "C:/Users/User/Dropbox/UFSC/2018.2/OO/Projeto_Final/fw/src/GPIO_UC.cpp"
Invoking: ARM Compiler
"C:/ti/ccsv8/tools/compiler/ti-cgt-arm_18.9.0.STS/bin/armcl" -mv7M4 --code_state=16 --float_support=FPv4SPD16 -me --include_path="C:/Users/User/Dropbox/UFSC/2018.2/OO/Projeto_Final/fw/Project_CCS/vending_machine" --include_path="C:/ti/TivaWare_C_Series-2.1.4.178" --include_path="C:/Users/User/Dropbox/UFSC/2018.2/OO/Projeto_Final/fw/src" --include_path="C:/ti/ccsv8/tools/compiler/ti-cgt-arm_18.9.0.STS/include" --define=ccs="ccs" --define=ARM_PLATFORM --define=TARGET_IS_TM4C123_RB1 --define=PART_TM4C123GH6PM -g --gcc --diag_warning=225 --diag_wrap=off --display_error_number --abi=eabi --preproc_with_compile --preproc_dependency="src/GPIO_UC.d_raw" --obj_directory="src"  "C:/Users/User/Dropbox/UFSC/2018.2/OO/Projeto_Final/fw/src/GPIO_UC.cpp"
Finished building: "C:/Users/User/Dropbox/UFSC/2018.2/OO/Projeto_Final/fw/src/GPIO_UC.cpp"
 
Building target: "vending_machine.out"
Invoking: ARM Linker
"C:/ti/ccsv8/tools/compiler/ti-cgt-arm_18.9.0.STS/bin/armcl" -mv7M4 --code_state=16 --float_support=FPv4SPD16 -me --define=ccs="ccs" --define=ARM_PLATFORM --define=TARGET_IS_TM4C123_RB1 --define=PART_TM4C123GH6PM -g --gcc --diag_warning=225 --diag_wrap=off --display_error_number --abi=eabi -z -m"vending_machine.map" --heap_size=0 --stack_size=512 -i"C:/ti/ccsv8/tools/compiler/ti-cgt-arm_18.9.0.STS/lib" -i"C:/ti/ccsv8/tools/compiler/ti-cgt-arm_18.9.0.STS/include" --reread_libs --diag_wrap=off --display_error_number --warn_sections --xml_link_info="vending_machine_linkInfo.xml" --rom_model -o "vending_machine.out" "./src/FSM.obj" "./src/GPIO_UC.obj" "./src/IO.obj" "./src/main.obj" "./src/tm4c123gh6pm_startup_ccs.obj" "../tm4c123gh6pm.cmd"  -llibc.a -l"C:/ti/TivaWare_C_Series-2.1.4.178/driverlib/ccs/Debug/driverlib.lib" 
<Linking>
Finished building target: "vending_machine.out"
 

**** Build Finished ****
