c:\users\user\dropbox\ufsc\2018.2\oo\projeto_final\fw\project_mvs\debug\vc141.pdb
c:\users\user\dropbox\ufsc\2018.2\oo\projeto_final\fw\project_mvs\debug\vc141.idb
c:\users\user\dropbox\ufsc\2018.2\oo\projeto_final\fw\project_mvs\debug\time_pc.obj
c:\users\user\dropbox\ufsc\2018.2\oo\projeto_final\fw\project_mvs\debug\terminal.obj
c:\users\user\dropbox\ufsc\2018.2\oo\projeto_final\fw\project_mvs\debug\screen_pc.obj
c:\users\user\dropbox\ufsc\2018.2\oo\projeto_final\fw\project_mvs\debug\main.obj
c:\users\user\dropbox\ufsc\2018.2\oo\projeto_final\fw\project_mvs\debug\io.obj
c:\users\user\dropbox\ufsc\2018.2\oo\projeto_final\fw\project_mvs\debug\gpio_pc.obj
c:\users\user\dropbox\ufsc\2018.2\oo\projeto_final\fw\project_mvs\debug\fsm.obj
c:\users\user\dropbox\ufsc\2018.2\oo\projeto_final\fw\project_mvs\debug\display.obj
c:\users\user\dropbox\ufsc\2018.2\oo\projeto_final\fw\project_mvs\debug\date_time.obj
c:\users\user\dropbox\ufsc\2018.2\oo\projeto_final\fw\project_mvs\debug\control.obj
c:\users\user\dropbox\ufsc\2018.2\oo\projeto_final\fw\project_mvs\debug\console_pc.obj
c:\users\user\dropbox\ufsc\2018.2\oo\projeto_final\fw\project_mvs\debug\project_mvs.ilk
c:\users\user\dropbox\ufsc\2018.2\oo\projeto_final\fw\project_mvs\debug\project_mvs.exe
c:\users\user\dropbox\ufsc\2018.2\oo\projeto_final\fw\project_mvs\debug\project_mvs.pdb
c:\users\user\dropbox\ufsc\2018.2\oo\projeto_final\fw\project_mvs\debug\project_mvs.tlog\cl.command.1.tlog
c:\users\user\dropbox\ufsc\2018.2\oo\projeto_final\fw\project_mvs\debug\project_mvs.tlog\cl.read.1.tlog
c:\users\user\dropbox\ufsc\2018.2\oo\projeto_final\fw\project_mvs\debug\project_mvs.tlog\cl.write.1.tlog
c:\users\user\dropbox\ufsc\2018.2\oo\projeto_final\fw\project_mvs\debug\project_mvs.tlog\link.command.1.tlog
c:\users\user\dropbox\ufsc\2018.2\oo\projeto_final\fw\project_mvs\debug\project_mvs.tlog\link.read.1.tlog
c:\users\user\dropbox\ufsc\2018.2\oo\projeto_final\fw\project_mvs\debug\project_mvs.tlog\link.write.1.tlog
